2023-03-02 17:32:01,641 - mmdet - INFO - Environment info:
------------------------------------------------------------
sys.platform: linux
Python: 3.8.16 (default, Jan 17 2023, 23:13:24) [GCC 11.2.0]
CUDA available: True
GPU 0,1: TITAN Xp
CUDA_HOME: /usr/local/cuda
NVCC: Cuda compilation tools, release 10.2, V10.2.8
GCC: gcc (Ubuntu 7.5.0-3ubuntu1~18.04) 7.5.0
PyTorch: 1.7.0
PyTorch compiling details: PyTorch built with:
  - GCC 7.3
  - C++ Version: 201402
  - Intel(R) Math Kernel Library Version 2020.0.0 Product Build 20191122 for Intel(R) 64 architecture applications
  - Intel(R) MKL-DNN v1.6.0 (Git Hash 5ef631a030a6f73131c77892041042805a06064f)
  - OpenMP 201511 (a.k.a. OpenMP 4.5)
  - NNPACK is enabled
  - CPU capability usage: AVX2
  - CUDA Runtime 10.2
  - NVCC architecture flags: -gencode;arch=compute_37,code=sm_37;-gencode;arch=compute_50,code=sm_50;-gencode;arch=compute_60,code=sm_60;-gencode;arch=compute_70,code=sm_70;-gencode;arch=compute_75,code=sm_75
  - CuDNN 7.6.5
  - Magma 2.5.2
  - Build settings: BLAS=MKL, BUILD_TYPE=Release, CXX_FLAGS= -Wno-deprecated -fvisibility-inlines-hidden -DUSE_PTHREADPOOL -fopenmp -DNDEBUG -DUSE_FBGEMM -DUSE_QNNPACK -DUSE_PYTORCH_QNNPACK -DUSE_XNNPACK -DUSE_VULKAN_WRAPPER -O2 -fPIC -Wno-narrowing -Wall -Wextra -Werror=return-type -Wno-missing-field-initializers -Wno-type-limits -Wno-array-bounds -Wno-unknown-pragmas -Wno-sign-compare -Wno-unused-parameter -Wno-unused-variable -Wno-unused-function -Wno-unused-result -Wno-unused-local-typedefs -Wno-strict-overflow -Wno-strict-aliasing -Wno-error=deprecated-declarations -Wno-stringop-overflow -Wno-psabi -Wno-error=pedantic -Wno-error=redundant-decls -Wno-error=old-style-cast -fdiagnostics-color=always -faligned-new -Wno-unused-but-set-variable -Wno-maybe-uninitialized -fno-math-errno -fno-trapping-math -Werror=format -Wno-stringop-overflow, PERF_WITH_AVX=1, PERF_WITH_AVX2=1, PERF_WITH_AVX512=1, USE_CUDA=ON, USE_EXCEPTION_PTR=1, USE_GFLAGS=OFF, USE_GLOG=OFF, USE_MKL=ON, USE_MKLDNN=ON, USE_MPI=OFF, USE_NCCL=ON, USE_NNPACK=ON, USE_OPENMP=ON, 

TorchVision: 0.8.0
OpenCV: 4.7.0
MMCV: 1.7.1
MMCV Compiler: GCC 7.3
MMCV CUDA Compiler: 10.2
MMDetection: 2.27.0+4edd41f
------------------------------------------------------------

2023-03-02 17:32:02,260 - mmdet - INFO - Distributed training: False
2023-03-02 17:32:02,931 - mmdet - INFO - Config:
dataset_type = 'CocoDataset'
data_root = '/home/work/workspace/CV/data/coco/'
img_norm_cfg = dict(
    mean=[102.9801, 115.9465, 122.7717], std=[1.0, 1.0, 1.0], to_rgb=False)
train_pipeline = [
    dict(type='LoadImageFromFile'),
    dict(type='LoadAnnotations', with_bbox=True),
    dict(type='Resize', img_scale=(1333, 800), keep_ratio=True),
    dict(type='RandomFlip', flip_ratio=0.5),
    dict(
        type='Normalize',
        mean=[102.9801, 115.9465, 122.7717],
        std=[1.0, 1.0, 1.0],
        to_rgb=False),
    dict(type='Pad', size_divisor=32),
    dict(type='DefaultFormatBundle'),
    dict(type='Collect', keys=['img', 'gt_bboxes', 'gt_labels'])
]
test_pipeline = [
    dict(type='LoadImageFromFile'),
    dict(
        type='MultiScaleFlipAug',
        img_scale=(1333, 800),
        flip=False,
        transforms=[
            dict(type='Resize', keep_ratio=True),
            dict(type='RandomFlip'),
            dict(
                type='Normalize',
                mean=[102.9801, 115.9465, 122.7717],
                std=[1.0, 1.0, 1.0],
                to_rgb=False),
            dict(type='Pad', size_divisor=32),
            dict(type='ImageToTensor', keys=['img']),
            dict(type='Collect', keys=['img'])
        ])
]
data = dict(
    samples_per_gpu=2,
    workers_per_gpu=2,
    train=dict(
        type='CocoDataset',
        ann_file=
        '/home/work/workspace/CV/data/coco/annotations/instances_train2017.json',
        img_prefix='/home/work/workspace/CV/data/coco/train2017/',
        pipeline=[
            dict(type='LoadImageFromFile'),
            dict(type='LoadAnnotations', with_bbox=True),
            dict(type='Resize', img_scale=(1333, 800), keep_ratio=True),
            dict(type='RandomFlip', flip_ratio=0.5),
            dict(
                type='Normalize',
                mean=[102.9801, 115.9465, 122.7717],
                std=[1.0, 1.0, 1.0],
                to_rgb=False),
            dict(type='Pad', size_divisor=32),
            dict(type='DefaultFormatBundle'),
            dict(type='Collect', keys=['img', 'gt_bboxes', 'gt_labels'])
        ]),
    val=dict(
        type='CocoDataset',
        ann_file=
        '/home/work/workspace/CV/data/coco/annotations/instances_val2017.json',
        img_prefix='/home/work/workspace/CV/data/coco/val2017/',
        pipeline=[
            dict(type='LoadImageFromFile'),
            dict(
                type='MultiScaleFlipAug',
                img_scale=(1333, 800),
                flip=False,
                transforms=[
                    dict(type='Resize', keep_ratio=True),
                    dict(type='RandomFlip'),
                    dict(
                        type='Normalize',
                        mean=[102.9801, 115.9465, 122.7717],
                        std=[1.0, 1.0, 1.0],
                        to_rgb=False),
                    dict(type='Pad', size_divisor=32),
                    dict(type='ImageToTensor', keys=['img']),
                    dict(type='Collect', keys=['img'])
                ])
        ]),
    test=dict(
        type='CocoDataset',
        ann_file=
        '/home/work/workspace/CV/data/coco/annotations/instances_val2017.json',
        img_prefix='/home/work/workspace/CV/data/coco/val2017/',
        pipeline=[
            dict(type='LoadImageFromFile'),
            dict(
                type='MultiScaleFlipAug',
                img_scale=(1333, 800),
                flip=False,
                transforms=[
                    dict(type='Resize', keep_ratio=True),
                    dict(type='RandomFlip'),
                    dict(
                        type='Normalize',
                        mean=[102.9801, 115.9465, 122.7717],
                        std=[1.0, 1.0, 1.0],
                        to_rgb=False),
                    dict(type='Pad', size_divisor=32),
                    dict(type='ImageToTensor', keys=['img']),
                    dict(type='Collect', keys=['img'])
                ])
        ]))
evaluation = dict(interval=1, metric='bbox')
optimizer = dict(
    type='SGD',
    lr=0.01,
    momentum=0.9,
    weight_decay=0.0001,
    paramwise_cfg=dict(bias_lr_mult=2.0, bias_decay_mult=0.0))
optimizer_config = dict(grad_clip=dict(max_norm=35, norm_type=2))
lr_config = dict(
    policy='step',
    warmup='constant',
    warmup_iters=500,
    warmup_ratio=0.3333333333333333,
    step=[8, 11])
runner = dict(type='EpochBasedRunner', max_epochs=12)
checkpoint_config = dict(interval=1)
log_config = dict(interval=50, hooks=[dict(type='TextLoggerHook')])
custom_hooks = [dict(type='NumClassCheckHook')]
dist_params = dict(backend='nccl')
log_level = 'INFO'
load_from = None
resume_from = None
workflow = [('train', 1)]
opencv_num_threads = 0
mp_start_method = 'fork'
auto_scale_lr = dict(enable=False, base_batch_size=16)
model = dict(
    type='FCOS',
    backbone=dict(type='clip_image'),
    neck=dict(
        type='FPN',
        in_channels=[256, 512, 1024, 2048],
        out_channels=256,
        start_level=1,
        add_extra_convs='on_output',
        num_outs=5,
        relu_before_extra_convs=True),
    bbox_head=dict(
        type='FCOSHead',
        num_classes=80,
        in_channels=256,
        stacked_convs=4,
        feat_channels=256,
        strides=[8, 16, 32, 64, 128],
        loss_cls=dict(
            type='FocalLoss',
            use_sigmoid=True,
            gamma=2.0,
            alpha=0.25,
            loss_weight=1.0),
        loss_bbox=dict(type='IoULoss', loss_weight=1.0),
        loss_centerness=dict(
            type='CrossEntropyLoss', use_sigmoid=True, loss_weight=1.0),
        center_sampling=True,
        center_sample_radius=1.5),
    train_cfg=dict(
        assigner=dict(
            type='MaxIoUAssigner',
            pos_iou_thr=0.5,
            neg_iou_thr=0.4,
            min_pos_iou=0,
            ignore_iof_thr=-1),
        allowed_border=-1,
        pos_weight=-1,
        debug=False),
    test_cfg=dict(
        nms_pre=1000,
        min_bbox_size=0,
        score_thr=0.05,
        nms=dict(type='nms', iou_threshold=0.5),
        max_per_img=100))
work_dir = './work_dirs/fcos_center_r50_caffe_fpn_gn-head_1x_coco'
auto_resume = False
gpu_ids = [0]

2023-03-02 17:32:02,932 - mmdet - INFO - Set random seed to 343796661, deterministic: False
2023-03-02 17:32:27,033 - mmdet - INFO - Automatic scaling of learning rate (LR) has been disabled.
2023-03-02 17:32:27,776 - mmdet - INFO - Start running, host: work@work-X10SRA, work_dir: /home/work/workspace/CV/my_mmdet/work_dirs/fcos_center_r50_caffe_fpn_gn-head_1x_coco
2023-03-02 17:32:27,776 - mmdet - INFO - Hooks will be executed in the following order:
before_run:
(VERY_HIGH   ) StepLrUpdaterHook                  
(NORMAL      ) CheckpointHook                     
(LOW         ) EvalHook                           
(VERY_LOW    ) TextLoggerHook                     
 -------------------- 
before_train_epoch:
(VERY_HIGH   ) StepLrUpdaterHook                  
(NORMAL      ) NumClassCheckHook                  
(LOW         ) IterTimerHook                      
(LOW         ) EvalHook                           
(VERY_LOW    ) TextLoggerHook                     
 -------------------- 
before_train_iter:
(VERY_HIGH   ) StepLrUpdaterHook                  
(LOW         ) IterTimerHook                      
(LOW         ) EvalHook                           
 -------------------- 
after_train_iter:
(ABOVE_NORMAL) OptimizerHook                      
(NORMAL      ) CheckpointHook                     
(LOW         ) IterTimerHook                      
(LOW         ) EvalHook                           
(VERY_LOW    ) TextLoggerHook                     
 -------------------- 
after_train_epoch:
(NORMAL      ) CheckpointHook                     
(LOW         ) EvalHook                           
(VERY_LOW    ) TextLoggerHook                     
 -------------------- 
before_val_epoch:
(NORMAL      ) NumClassCheckHook                  
(LOW         ) IterTimerHook                      
(VERY_LOW    ) TextLoggerHook                     
 -------------------- 
before_val_iter:
(LOW         ) IterTimerHook                      
 -------------------- 
after_val_iter:
(LOW         ) IterTimerHook                      
 -------------------- 
after_val_epoch:
(VERY_LOW    ) TextLoggerHook                     
 -------------------- 
after_run:
(VERY_LOW    ) TextLoggerHook                     
 -------------------- 
2023-03-02 17:32:27,777 - mmdet - INFO - workflow: [('train', 1)], max: 12 epochs
2023-03-02 17:32:27,777 - mmdet - INFO - Checkpoints will be saved to /home/work/workspace/CV/my_mmdet/work_dirs/fcos_center_r50_caffe_fpn_gn-head_1x_coco by HardDiskBackend.
2023-03-02 17:32:42,232 - mmdet - INFO - Epoch [1][50/58633]	lr: 3.333e-03, eta: 2 days, 8:27:57, time: 0.289, data_time: 0.052, memory: 1495, loss_cls: 1.2872, loss_bbox: 2.2871, loss_centerness: 0.6728, loss: 4.2471, grad_norm: 24.5761
2023-03-02 17:32:54,244 - mmdet - INFO - Epoch [1][100/58633]	lr: 3.333e-03, eta: 2 days, 3:42:10, time: 0.240, data_time: 0.005, memory: 1530, loss_cls: 1.4447, loss_bbox: 1.6888, loss_centerness: 0.6943, loss: 3.8278, grad_norm: 19.1552
2023-03-02 17:33:06,157 - mmdet - INFO - Epoch [1][150/58633]	lr: 3.333e-03, eta: 2 days, 1:59:07, time: 0.238, data_time: 0.005, memory: 1530, loss_cls: 1.1138, loss_bbox: 1.5918, loss_centerness: 0.6685, loss: 3.3741, grad_norm: 9.5849
2023-03-02 17:33:18,699 - mmdet - INFO - Epoch [1][200/58633]	lr: 3.333e-03, eta: 2 days, 1:44:20, time: 0.251, data_time: 0.006, memory: 1530, loss_cls: 1.2783, loss_bbox: 1.1161, loss_centerness: 0.6720, loss: 3.0664, grad_norm: 10.2097
2023-03-02 17:33:30,779 - mmdet - INFO - Epoch [1][250/58633]	lr: 3.333e-03, eta: 2 days, 1:13:41, time: 0.242, data_time: 0.005, memory: 1554, loss_cls: 1.1474, loss_bbox: 1.0194, loss_centerness: 0.6724, loss: 2.8393, grad_norm: 8.2683
2023-03-02 17:33:42,931 - mmdet - INFO - Epoch [1][300/58633]	lr: 3.333e-03, eta: 2 days, 0:56:03, time: 0.243, data_time: 0.005, memory: 1554, loss_cls: 0.9335, loss_bbox: 0.9819, loss_centerness: 0.6691, loss: 2.5846, grad_norm: 7.6542
2023-03-02 17:33:55,262 - mmdet - INFO - Epoch [1][350/58633]	lr: 3.333e-03, eta: 2 days, 0:49:21, time: 0.247, data_time: 0.005, memory: 1554, loss_cls: 0.8931, loss_bbox: 1.0575, loss_centerness: 0.6689, loss: 2.6195, grad_norm: 7.9051
2023-03-02 17:34:07,643 - mmdet - INFO - Epoch [1][400/58633]	lr: 3.333e-03, eta: 2 days, 0:45:46, time: 0.248, data_time: 0.005, memory: 1554, loss_cls: 0.9102, loss_bbox: 1.1436, loss_centerness: 0.6724, loss: 2.7261, grad_norm: 8.1140
2023-03-02 17:34:20,008 - mmdet - INFO - Epoch [1][450/58633]	lr: 3.333e-03, eta: 2 days, 0:42:30, time: 0.247, data_time: 0.005, memory: 1554, loss_cls: 0.8978, loss_bbox: 1.0128, loss_centerness: 0.6625, loss: 2.5731, grad_norm: 7.4026
2023-03-02 17:34:32,468 - mmdet - INFO - Epoch [1][500/58633]	lr: 3.333e-03, eta: 2 days, 0:42:04, time: 0.249, data_time: 0.005, memory: 1554, loss_cls: 0.9000, loss_bbox: 0.9366, loss_centerness: 0.6690, loss: 2.5055, grad_norm: 6.8559
2023-03-02 17:34:45,305 - mmdet - INFO - Epoch [1][550/58633]	lr: 1.000e-02, eta: 2 days, 0:49:44, time: 0.257, data_time: 0.005, memory: 1554, loss_cls: 1.1291, loss_bbox: 1.4579, loss_centerness: 0.6791, loss: 3.2661, grad_norm: 13.4703
2023-03-02 17:34:57,779 - mmdet - INFO - Epoch [1][600/58633]	lr: 1.000e-02, eta: 2 days, 0:48:58, time: 0.249, data_time: 0.005, memory: 1554, loss_cls: 1.0661, loss_bbox: 1.7223, loss_centerness: 0.7095, loss: 3.4980, grad_norm: 8.9320
2023-03-02 17:35:10,662 - mmdet - INFO - Epoch [1][650/58633]	lr: 1.000e-02, eta: 2 days, 0:55:40, time: 0.258, data_time: 0.005, memory: 1554, loss_cls: 1.1797, loss_bbox: 1.7606, loss_centerness: 0.6751, loss: 3.6155, grad_norm: 8.0798
2023-03-02 17:35:23,608 - mmdet - INFO - Epoch [1][700/58633]	lr: 1.000e-02, eta: 2 days, 1:02:27, time: 0.259, data_time: 0.005, memory: 1554, loss_cls: 0.9631, loss_bbox: 1.3380, loss_centerness: 0.6756, loss: 2.9767, grad_norm: 7.0310
2023-03-02 17:35:36,408 - mmdet - INFO - Epoch [1][750/58633]	lr: 1.000e-02, eta: 2 days, 1:06:01, time: 0.256, data_time: 0.005, memory: 1554, loss_cls: 0.9157, loss_bbox: 1.1291, loss_centerness: 0.6787, loss: 2.7235, grad_norm: 5.5554
2023-03-02 17:35:49,084 - mmdet - INFO - Epoch [1][800/58633]	lr: 1.000e-02, eta: 2 days, 1:07:17, time: 0.254, data_time: 0.005, memory: 1554, loss_cls: 0.9391, loss_bbox: 0.9841, loss_centerness: 0.6713, loss: 2.5945, grad_norm: 4.7307
2023-03-02 17:36:01,832 - mmdet - INFO - Epoch [1][850/58633]	lr: 1.000e-02, eta: 2 days, 1:09:22, time: 0.255, data_time: 0.005, memory: 1554, loss_cls: 0.9096, loss_bbox: 1.0174, loss_centerness: 0.6734, loss: 2.6005, grad_norm: 4.3398
2023-03-02 17:36:14,449 - mmdet - INFO - Epoch [1][900/58633]	lr: 1.000e-02, eta: 2 days, 1:09:30, time: 0.252, data_time: 0.005, memory: 1554, loss_cls: 0.8886, loss_bbox: 1.1206, loss_centerness: 0.6627, loss: 2.6718, grad_norm: 5.2518
2023-03-02 17:36:27,164 - mmdet - INFO - Epoch [1][950/58633]	lr: 1.000e-02, eta: 2 days, 1:10:48, time: 0.254, data_time: 0.005, memory: 1554, loss_cls: 0.8738, loss_bbox: 1.1529, loss_centerness: 0.6696, loss: 2.6963, grad_norm: 5.6305
2023-03-02 17:36:39,833 - mmdet - INFO - Exp name: fcos_center_r50_caffe_fpn_gn-head_1x_coco.py
2023-03-02 17:36:39,833 - mmdet - INFO - Epoch [1][1000/58633]	lr: 1.000e-02, eta: 2 days, 1:11:24, time: 0.253, data_time: 0.005, memory: 1554, loss_cls: 0.8792, loss_bbox: 1.3255, loss_centerness: 0.6698, loss: 2.8745, grad_norm: 6.3225
2023-03-02 17:36:52,563 - mmdet - INFO - Epoch [1][1050/58633]	lr: 1.000e-02, eta: 2 days, 1:12:37, time: 0.255, data_time: 0.005, memory: 1554, loss_cls: 0.8296, loss_bbox: 1.1927, loss_centerness: 0.6720, loss: 2.6943, grad_norm: 5.5111
2023-03-02 17:37:05,274 - mmdet - INFO - Epoch [1][1100/58633]	lr: 1.000e-02, eta: 2 days, 1:13:30, time: 0.254, data_time: 0.005, memory: 1554, loss_cls: 0.9288, loss_bbox: 0.9673, loss_centerness: 0.6632, loss: 2.5592, grad_norm: 4.3424
2023-03-02 17:37:17,935 - mmdet - INFO - Epoch [1][1150/58633]	lr: 1.000e-02, eta: 2 days, 1:13:47, time: 0.253, data_time: 0.005, memory: 1554, loss_cls: 0.8607, loss_bbox: 1.1654, loss_centerness: 0.6670, loss: 2.6931, grad_norm: 5.4461
2023-03-02 17:37:30,392 - mmdet - INFO - Epoch [1][1200/58633]	lr: 1.000e-02, eta: 2 days, 1:12:01, time: 0.249, data_time: 0.005, memory: 1554, loss_cls: 0.8129, loss_bbox: 0.9183, loss_centerness: 0.6716, loss: 2.4028, grad_norm: 3.6524
2023-03-02 17:37:43,169 - mmdet - INFO - Epoch [1][1250/58633]	lr: 1.000e-02, eta: 2 days, 1:13:24, time: 0.256, data_time: 0.005, memory: 1554, loss_cls: 0.8874, loss_bbox: 0.8333, loss_centerness: 0.6680, loss: 2.3887, grad_norm: 3.8026
2023-03-02 17:37:55,741 - mmdet - INFO - Epoch [1][1300/58633]	lr: 1.000e-02, eta: 2 days, 1:12:48, time: 0.251, data_time: 0.005, memory: 1554, loss_cls: 0.8200, loss_bbox: 0.9044, loss_centerness: 0.6728, loss: 2.3972, grad_norm: 3.5550
2023-03-02 17:38:08,410 - mmdet - INFO - Epoch [1][1350/58633]	lr: 1.000e-02, eta: 2 days, 1:13:04, time: 0.253, data_time: 0.005, memory: 1554, loss_cls: 0.8604, loss_bbox: 0.8675, loss_centerness: 0.6695, loss: 2.3974, grad_norm: 3.6788
2023-03-02 17:38:21,072 - mmdet - INFO - Epoch [1][1400/58633]	lr: 1.000e-02, eta: 2 days, 1:13:14, time: 0.253, data_time: 0.005, memory: 1554, loss_cls: 0.8370, loss_bbox: 0.8753, loss_centerness: 0.6660, loss: 2.3784, grad_norm: 3.7553
2023-03-02 17:38:33,799 - mmdet - INFO - Epoch [1][1450/58633]	lr: 1.000e-02, eta: 2 days, 1:13:55, time: 0.255, data_time: 0.005, memory: 1554, loss_cls: 0.8628, loss_bbox: 1.1645, loss_centerness: 0.6678, loss: 2.6951, grad_norm: 5.1184
2023-03-02 17:38:46,385 - mmdet - INFO - Epoch [1][1500/58633]	lr: 1.000e-02, eta: 2 days, 1:13:26, time: 0.252, data_time: 0.005, memory: 1554, loss_cls: 0.8008, loss_bbox: 0.8388, loss_centerness: 0.6630, loss: 2.3025, grad_norm: 3.1400
2023-03-02 17:38:59,120 - mmdet - INFO - Epoch [1][1550/58633]	lr: 1.000e-02, eta: 2 days, 1:14:05, time: 0.255, data_time: 0.005, memory: 1554, loss_cls: 0.8287, loss_bbox: 0.8317, loss_centerness: 0.6641, loss: 2.3245, grad_norm: 3.3357
2023-03-02 17:39:11,931 - mmdet - INFO - Epoch [1][1600/58633]	lr: 1.000e-02, eta: 2 days, 1:15:15, time: 0.256, data_time: 0.005, memory: 1554, loss_cls: 0.8168, loss_bbox: 0.8456, loss_centerness: 0.6638, loss: 2.3262, grad_norm: 3.4241
2023-03-02 17:39:24,712 - mmdet - INFO - Epoch [1][1650/58633]	lr: 1.000e-02, eta: 2 days, 1:16:07, time: 0.256, data_time: 0.005, memory: 1554, loss_cls: 0.8308, loss_bbox: 0.7618, loss_centerness: 0.6631, loss: 2.2557, grad_norm: 2.7776
2023-03-02 17:39:37,292 - mmdet - INFO - Epoch [1][1700/58633]	lr: 1.000e-02, eta: 2 days, 1:15:31, time: 0.252, data_time: 0.005, memory: 1554, loss_cls: 0.8392, loss_bbox: 0.8470, loss_centerness: 0.6627, loss: 2.3490, grad_norm: 3.6704
2023-03-02 17:39:50,019 - mmdet - INFO - Epoch [1][1750/58633]	lr: 1.000e-02, eta: 2 days, 1:15:57, time: 0.255, data_time: 0.005, memory: 1554, loss_cls: 0.8577, loss_bbox: 0.8450, loss_centerness: 0.6653, loss: 2.3680, grad_norm: 3.4887
2023-03-02 17:40:02,630 - mmdet - INFO - Epoch [1][1800/58633]	lr: 1.000e-02, eta: 2 days, 1:15:35, time: 0.252, data_time: 0.005, memory: 1554, loss_cls: 0.8555, loss_bbox: 0.7994, loss_centerness: 0.6631, loss: 2.3180, grad_norm: 3.1148
2023-03-02 17:40:15,661 - mmdet - INFO - Epoch [1][1850/58633]	lr: 1.000e-02, eta: 2 days, 1:17:53, time: 0.261, data_time: 0.005, memory: 1554, loss_cls: 0.8272, loss_bbox: 0.8063, loss_centerness: 0.6637, loss: 2.2972, grad_norm: 2.8256
2023-03-02 17:40:28,077 - mmdet - INFO - Epoch [1][1900/58633]	lr: 1.000e-02, eta: 2 days, 1:16:15, time: 0.248, data_time: 0.005, memory: 1554, loss_cls: 0.8200, loss_bbox: 0.8061, loss_centerness: 0.6664, loss: 2.2924, grad_norm: 2.7599
2023-03-02 17:40:40,701 - mmdet - INFO - Epoch [1][1950/58633]	lr: 1.000e-02, eta: 2 days, 1:15:57, time: 0.252, data_time: 0.005, memory: 1554, loss_cls: 0.8100, loss_bbox: 0.7609, loss_centerness: 0.6594, loss: 2.2302, grad_norm: 2.9488
2023-03-02 17:40:53,639 - mmdet - INFO - Exp name: fcos_center_r50_caffe_fpn_gn-head_1x_coco.py
2023-03-02 17:40:53,639 - mmdet - INFO - Epoch [1][2000/58633]	lr: 1.000e-02, eta: 2 days, 1:17:29, time: 0.259, data_time: 0.005, memory: 1554, loss_cls: 0.8122, loss_bbox: 0.7714, loss_centerness: 0.6673, loss: 2.2509, grad_norm: 2.5704
2023-03-02 17:41:06,284 - mmdet - INFO - Epoch [1][2050/58633]	lr: 1.000e-02, eta: 2 days, 1:17:16, time: 0.253, data_time: 0.005, memory: 1554, loss_cls: 0.8398, loss_bbox: 0.7467, loss_centerness: 0.6618, loss: 2.2484, grad_norm: 2.3791
2023-03-02 17:41:18,857 - mmdet - INFO - Epoch [1][2100/58633]	lr: 1.000e-02, eta: 2 days, 1:16:39, time: 0.251, data_time: 0.005, memory: 1554, loss_cls: 0.8895, loss_bbox: 0.7432, loss_centerness: 0.6642, loss: 2.2970, grad_norm: 2.5046
2023-03-02 17:41:31,473 - mmdet - INFO - Epoch [1][2150/58633]	lr: 1.000e-02, eta: 2 days, 1:16:17, time: 0.252, data_time: 0.005, memory: 1554, loss_cls: 0.8448, loss_bbox: 0.7812, loss_centerness: 0.6612, loss: 2.2872, grad_norm: 2.6395
2023-03-02 17:41:44,102 - mmdet - INFO - Epoch [1][2200/58633]	lr: 1.000e-02, eta: 2 days, 1:16:00, time: 0.253, data_time: 0.005, memory: 1554, loss_cls: 0.7998, loss_bbox: 0.7183, loss_centerness: 0.6592, loss: 2.1772, grad_norm: 2.1849
2023-03-02 17:41:56,705 - mmdet - INFO - Epoch [1][2250/58633]	lr: 1.000e-02, eta: 2 days, 1:15:34, time: 0.252, data_time: 0.005, memory: 1554, loss_cls: 0.8267, loss_bbox: 0.7120, loss_centerness: 0.6616, loss: 2.2004, grad_norm: 2.4480
2023-03-02 17:42:09,324 - mmdet - INFO - Epoch [1][2300/58633]	lr: 1.000e-02, eta: 2 days, 1:15:15, time: 0.252, data_time: 0.005, memory: 1554, loss_cls: 0.8248, loss_bbox: 0.7367, loss_centerness: 0.6626, loss: 2.2240, grad_norm: 2.5386
2023-03-02 17:42:22,311 - mmdet - INFO - Epoch [1][2350/58633]	lr: 1.000e-02, eta: 2 days, 1:16:45, time: 0.260, data_time: 0.005, memory: 1554, loss_cls: 0.8055, loss_bbox: 0.7030, loss_centerness: 0.6639, loss: 2.1724, grad_norm: 2.0988
2023-03-02 17:42:35,017 - mmdet - INFO - Epoch [1][2400/58633]	lr: 1.000e-02, eta: 2 days, 1:16:49, time: 0.254, data_time: 0.005, memory: 1554, loss_cls: 0.8105, loss_bbox: 0.6964, loss_centerness: 0.6643, loss: 2.1712, grad_norm: 2.2421
2023-03-02 17:42:48,007 - mmdet - INFO - Epoch [1][2450/58633]	lr: 1.000e-02, eta: 2 days, 1:18:13, time: 0.260, data_time: 0.005, memory: 1554, loss_cls: 0.8062, loss_bbox: 0.6796, loss_centerness: 0.6601, loss: 2.1460, grad_norm: 2.3899
2023-03-02 17:43:00,447 - mmdet - INFO - Epoch [1][2500/58633]	lr: 1.000e-02, eta: 2 days, 1:17:00, time: 0.249, data_time: 0.005, memory: 1554, loss_cls: 0.7892, loss_bbox: 0.6805, loss_centerness: 0.6632, loss: 2.1329, grad_norm: 2.2783
2023-03-02 17:43:13,170 - mmdet - INFO - Epoch [1][2550/58633]	lr: 1.000e-02, eta: 2 days, 1:17:06, time: 0.254, data_time: 0.005, memory: 1554, loss_cls: 0.8187, loss_bbox: 0.7021, loss_centerness: 0.6579, loss: 2.1788, grad_norm: 2.3552
2023-03-02 17:43:25,981 - mmdet - INFO - Epoch [1][2600/58633]	lr: 1.000e-02, eta: 2 days, 1:17:36, time: 0.256, data_time: 0.005, memory: 1554, loss_cls: 0.8017, loss_bbox: 0.6753, loss_centerness: 0.6592, loss: 2.1362, grad_norm: 2.2190
2023-03-02 17:43:38,735 - mmdet - INFO - Epoch [1][2650/58633]	lr: 1.000e-02, eta: 2 days, 1:17:47, time: 0.255, data_time: 0.005, memory: 1583, loss_cls: 0.8437, loss_bbox: 0.7085, loss_centerness: 0.6609, loss: 2.2131, grad_norm: 2.2840
2023-03-02 17:43:51,466 - mmdet - INFO - Epoch [1][2700/58633]	lr: 1.000e-02, eta: 2 days, 1:17:54, time: 0.255, data_time: 0.005, memory: 1583, loss_cls: 0.8288, loss_bbox: 0.6938, loss_centerness: 0.6615, loss: 2.1840, grad_norm: 2.2304
2023-03-02 17:44:04,455 - mmdet - INFO - Epoch [1][2750/58633]	lr: 1.000e-02, eta: 2 days, 1:19:05, time: 0.260, data_time: 0.005, memory: 1583, loss_cls: 0.8235, loss_bbox: 0.7024, loss_centerness: 0.6563, loss: 2.1822, grad_norm: 2.4399
2023-03-02 17:44:17,138 - mmdet - INFO - Epoch [1][2800/58633]	lr: 1.000e-02, eta: 2 days, 1:18:57, time: 0.254, data_time: 0.005, memory: 1583, loss_cls: 0.8176, loss_bbox: 0.6847, loss_centerness: 0.6544, loss: 2.1567, grad_norm: 2.3186
2023-03-02 17:44:29,795 - mmdet - INFO - Epoch [1][2850/58633]	lr: 1.000e-02, eta: 2 days, 1:18:42, time: 0.253, data_time: 0.005, memory: 1583, loss_cls: 0.8469, loss_bbox: 0.6895, loss_centerness: 0.6614, loss: 2.1977, grad_norm: 2.3678
2023-03-02 17:44:42,580 - mmdet - INFO - Epoch [1][2900/58633]	lr: 1.000e-02, eta: 2 days, 1:18:58, time: 0.256, data_time: 0.005, memory: 1583, loss_cls: 0.7924, loss_bbox: 0.6680, loss_centerness: 0.6635, loss: 2.1239, grad_norm: 2.1890
2023-03-02 17:44:55,483 - mmdet - INFO - Epoch [1][2950/58633]	lr: 1.000e-02, eta: 2 days, 1:19:40, time: 0.258, data_time: 0.005, memory: 1583, loss_cls: 0.7756, loss_bbox: 0.6658, loss_centerness: 0.6608, loss: 2.1022, grad_norm: 2.0903
2023-03-02 17:45:08,183 - mmdet - INFO - Exp name: fcos_center_r50_caffe_fpn_gn-head_1x_coco.py
2023-03-02 17:45:08,183 - mmdet - INFO - Epoch [1][3000/58633]	lr: 1.000e-02, eta: 2 days, 1:19:34, time: 0.254, data_time: 0.005, memory: 1583, loss_cls: 0.8125, loss_bbox: 0.7318, loss_centerness: 0.6558, loss: 2.2001, grad_norm: 2.6011
2023-03-02 17:45:20,826 - mmdet - INFO - Epoch [1][3050/58633]	lr: 1.000e-02, eta: 2 days, 1:19:15, time: 0.253, data_time: 0.005, memory: 1583, loss_cls: 0.8254, loss_bbox: 0.7138, loss_centerness: 0.6601, loss: 2.1994, grad_norm: 2.2988
2023-03-02 17:45:33,464 - mmdet - INFO - Epoch [1][3100/58633]	lr: 1.000e-02, eta: 2 days, 1:18:54, time: 0.253, data_time: 0.005, memory: 1583, loss_cls: 0.8275, loss_bbox: 0.6655, loss_centerness: 0.6564, loss: 2.1493, grad_norm: 2.3313
2023-03-02 17:45:46,041 - mmdet - INFO - Epoch [1][3150/58633]	lr: 1.000e-02, eta: 2 days, 1:18:20, time: 0.252, data_time: 0.005, memory: 1583, loss_cls: 0.7787, loss_bbox: 0.6533, loss_centerness: 0.6560, loss: 2.0880, grad_norm: 2.1444
2023-03-02 17:45:58,529 - mmdet - INFO - Epoch [1][3200/58633]	lr: 1.000e-02, eta: 2 days, 1:17:27, time: 0.250, data_time: 0.005, memory: 1583, loss_cls: 0.7988, loss_bbox: 0.6880, loss_centerness: 0.6600, loss: 2.1468, grad_norm: 2.4637
2023-03-02 17:46:11,355 - mmdet - INFO - Epoch [1][3250/58633]	lr: 1.000e-02, eta: 2 days, 1:17:49, time: 0.257, data_time: 0.005, memory: 1583, loss_cls: 0.8282, loss_bbox: 0.6462, loss_centerness: 0.6613, loss: 2.1358, grad_norm: 2.1360
2023-03-02 17:46:23,653 - mmdet - INFO - Epoch [1][3300/58633]	lr: 1.000e-02, eta: 2 days, 1:16:17, time: 0.246, data_time: 0.005, memory: 1583, loss_cls: 0.8252, loss_bbox: 0.6383, loss_centerness: 0.6563, loss: 2.1198, grad_norm: 2.0923
2023-03-02 17:46:36,353 - mmdet - INFO - Epoch [1][3350/58633]	lr: 1.000e-02, eta: 2 days, 1:16:12, time: 0.254, data_time: 0.005, memory: 1583, loss_cls: 0.7890, loss_bbox: 0.6525, loss_centerness: 0.6611, loss: 2.1026, grad_norm: 2.2594
2023-03-02 17:46:48,967 - mmdet - INFO - Epoch [1][3400/58633]	lr: 1.000e-02, eta: 2 days, 1:15:49, time: 0.252, data_time: 0.005, memory: 1583, loss_cls: 0.7797, loss_bbox: 0.6419, loss_centerness: 0.6573, loss: 2.0788, grad_norm: 1.9989
2023-03-02 17:47:01,637 - mmdet - INFO - Epoch [1][3450/58633]	lr: 1.000e-02, eta: 2 days, 1:15:37, time: 0.253, data_time: 0.005, memory: 1583, loss_cls: 0.8159, loss_bbox: 0.6090, loss_centerness: 0.6522, loss: 2.0771, grad_norm: 2.1656
2023-03-02 17:47:14,130 - mmdet - INFO - Epoch [1][3500/58633]	lr: 1.000e-02, eta: 2 days, 1:14:50, time: 0.250, data_time: 0.005, memory: 1583, loss_cls: 0.7574, loss_bbox: 0.5975, loss_centerness: 0.6582, loss: 2.0132, grad_norm: 2.1244
2023-03-02 17:47:26,616 - mmdet - INFO - Epoch [1][3550/58633]	lr: 1.000e-02, eta: 2 days, 1:14:03, time: 0.250, data_time: 0.005, memory: 1583, loss_cls: 0.8210, loss_bbox: 0.6258, loss_centerness: 0.6565, loss: 2.1033, grad_norm: 2.3682
2023-03-02 17:47:39,297 - mmdet - INFO - Epoch [1][3600/58633]	lr: 1.000e-02, eta: 2 days, 1:13:54, time: 0.254, data_time: 0.005, memory: 1583, loss_cls: 0.7907, loss_bbox: 0.6856, loss_centerness: 0.6587, loss: 2.1349, grad_norm: 2.5144
2023-03-02 17:47:52,019 - mmdet - INFO - Epoch [1][3650/58633]	lr: 1.000e-02, eta: 2 days, 1:13:54, time: 0.254, data_time: 0.005, memory: 1583, loss_cls: 0.8085, loss_bbox: 0.6278, loss_centerness: 0.6565, loss: 2.0929, grad_norm: 2.2205
2023-03-02 17:48:04,639 - mmdet - INFO - Epoch [1][3700/58633]	lr: 1.000e-02, eta: 2 days, 1:13:33, time: 0.252, data_time: 0.005, memory: 1583, loss_cls: 0.7699, loss_bbox: 0.6268, loss_centerness: 0.6585, loss: 2.0552, grad_norm: 2.2262
2023-03-02 17:48:17,374 - mmdet - INFO - Epoch [1][3750/58633]	lr: 1.000e-02, eta: 2 days, 1:13:34, time: 0.255, data_time: 0.005, memory: 1583, loss_cls: 0.7943, loss_bbox: 0.6936, loss_centerness: 0.6620, loss: 2.1499, grad_norm: 2.4827
2023-03-02 17:48:30,229 - mmdet - INFO - Epoch [1][3800/58633]	lr: 1.000e-02, eta: 2 days, 1:13:58, time: 0.257, data_time: 0.005, memory: 1583, loss_cls: 0.8008, loss_bbox: 0.6534, loss_centerness: 0.6593, loss: 2.1136, grad_norm: 2.4102
2023-03-02 17:48:42,938 - mmdet - INFO - Epoch [1][3850/58633]	lr: 1.000e-02, eta: 2 days, 1:13:52, time: 0.254, data_time: 0.005, memory: 1583, loss_cls: 0.7721, loss_bbox: 0.6492, loss_centerness: 0.6592, loss: 2.0805, grad_norm: 2.2435
2023-03-02 17:48:55,635 - mmdet - INFO - Epoch [1][3900/58633]	lr: 1.000e-02, eta: 2 days, 1:13:46, time: 0.254, data_time: 0.005, memory: 1583, loss_cls: 0.8012, loss_bbox: 0.6484, loss_centerness: 0.6571, loss: 2.1067, grad_norm: 2.1584
2023-03-02 17:49:08,564 - mmdet - INFO - Epoch [1][3950/58633]	lr: 1.000e-02, eta: 2 days, 1:14:20, time: 0.259, data_time: 0.005, memory: 1583, loss_cls: 0.7849, loss_bbox: 0.6434, loss_centerness: 0.6589, loss: 2.0872, grad_norm: 2.1862
2023-03-02 17:49:21,273 - mmdet - INFO - Exp name: fcos_center_r50_caffe_fpn_gn-head_1x_coco.py
2023-03-02 17:49:21,274 - mmdet - INFO - Epoch [1][4000/58633]	lr: 1.000e-02, eta: 2 days, 1:14:15, time: 0.254, data_time: 0.005, memory: 1583, loss_cls: 0.7887, loss_bbox: 0.6438, loss_centerness: 0.6587, loss: 2.0913, grad_norm: 2.2821
2023-03-02 17:49:33,874 - mmdet - INFO - Epoch [1][4050/58633]	lr: 1.000e-02, eta: 2 days, 1:13:51, time: 0.252, data_time: 0.005, memory: 1583, loss_cls: 0.7774, loss_bbox: 0.6416, loss_centerness: 0.6608, loss: 2.0797, grad_norm: 2.1005
2023-03-02 17:49:46,449 - mmdet - INFO - Epoch [1][4100/58633]	lr: 1.000e-02, eta: 2 days, 1:13:22, time: 0.252, data_time: 0.005, memory: 1583, loss_cls: 0.8091, loss_bbox: 0.6068, loss_centerness: 0.6542, loss: 2.0701, grad_norm: 2.3222
2023-03-02 17:49:59,058 - mmdet - INFO - Epoch [1][4150/58633]	lr: 1.000e-02, eta: 2 days, 1:13:00, time: 0.252, data_time: 0.005, memory: 1583, loss_cls: 0.7848, loss_bbox: 0.6514, loss_centerness: 0.6576, loss: 2.0938, grad_norm: 2.3037
2023-03-02 17:50:11,755 - mmdet - INFO - Epoch [1][4200/58633]	lr: 1.000e-02, eta: 2 days, 1:12:52, time: 0.254, data_time: 0.006, memory: 1583, loss_cls: 0.7895, loss_bbox: 0.6343, loss_centerness: 0.6590, loss: 2.0827, grad_norm: 2.1274
2023-03-02 17:50:24,776 - mmdet - INFO - Epoch [1][4250/58633]	lr: 1.000e-02, eta: 2 days, 1:13:38, time: 0.260, data_time: 0.005, memory: 1583, loss_cls: 0.7597, loss_bbox: 0.6494, loss_centerness: 0.6586, loss: 2.0677, grad_norm: 2.4325
2023-03-02 17:50:37,352 - mmdet - INFO - Epoch [1][4300/58633]	lr: 1.000e-02, eta: 2 days, 1:13:10, time: 0.252, data_time: 0.005, memory: 1583, loss_cls: 0.7930, loss_bbox: 0.5983, loss_centerness: 0.6561, loss: 2.0474, grad_norm: 2.4877
2023-03-02 17:50:50,076 - mmdet - INFO - Epoch [1][4350/58633]	lr: 1.000e-02, eta: 2 days, 1:13:06, time: 0.254, data_time: 0.005, memory: 1583, loss_cls: 0.8038, loss_bbox: 0.6538, loss_centerness: 0.6555, loss: 2.1131, grad_norm: 2.3163
2023-03-02 17:51:02,600 - mmdet - INFO - Epoch [1][4400/58633]	lr: 1.000e-02, eta: 2 days, 1:12:30, time: 0.250, data_time: 0.005, memory: 1583, loss_cls: 0.7292, loss_bbox: 0.6286, loss_centerness: 0.6558, loss: 2.0136, grad_norm: 2.1746
2023-03-02 17:51:15,647 - mmdet - INFO - Epoch [1][4450/58633]	lr: 1.000e-02, eta: 2 days, 1:13:17, time: 0.261, data_time: 0.005, memory: 1583, loss_cls: 0.7997, loss_bbox: 0.6118, loss_centerness: 0.6564, loss: 2.0679, grad_norm: 2.2173
2023-03-02 17:51:28,447 - mmdet - INFO - Epoch [1][4500/58633]	lr: 1.000e-02, eta: 2 days, 1:13:24, time: 0.256, data_time: 0.005, memory: 1583, loss_cls: 0.7945, loss_bbox: 0.6080, loss_centerness: 0.6563, loss: 2.0588, grad_norm: 2.3146
2023-03-02 17:51:41,210 - mmdet - INFO - Epoch [1][4550/58633]	lr: 1.000e-02, eta: 2 days, 1:13:25, time: 0.255, data_time: 0.005, memory: 1583, loss_cls: 0.7849, loss_bbox: 0.6161, loss_centerness: 0.6552, loss: 2.0563, grad_norm: 2.3999
2023-03-02 17:51:53,866 - mmdet - INFO - Epoch [1][4600/58633]	lr: 1.000e-02, eta: 2 days, 1:13:10, time: 0.253, data_time: 0.005, memory: 1583, loss_cls: 0.7941, loss_bbox: 0.6347, loss_centerness: 0.6573, loss: 2.0860, grad_norm: 2.3747
2023-03-02 17:52:06,440 - mmdet - INFO - Epoch [1][4650/58633]	lr: 1.000e-02, eta: 2 days, 1:12:42, time: 0.251, data_time: 0.005, memory: 1583, loss_cls: 0.7394, loss_bbox: 0.6280, loss_centerness: 0.6601, loss: 2.0275, grad_norm: 2.1128
2023-03-02 17:52:19,225 - mmdet - INFO - Epoch [1][4700/58633]	lr: 1.000e-02, eta: 2 days, 1:12:46, time: 0.256, data_time: 0.005, memory: 1583, loss_cls: 0.7784, loss_bbox: 0.6140, loss_centerness: 0.6585, loss: 2.0509, grad_norm: 2.1454
2023-03-02 17:52:31,971 - mmdet - INFO - Epoch [1][4750/58633]	lr: 1.000e-02, eta: 2 days, 1:12:43, time: 0.255, data_time: 0.005, memory: 1583, loss_cls: 0.7843, loss_bbox: 0.6479, loss_centerness: 0.6599, loss: 2.0921, grad_norm: 2.1504
2023-03-02 17:52:44,677 - mmdet - INFO - Epoch [1][4800/58633]	lr: 1.000e-02, eta: 2 days, 1:12:35, time: 0.254, data_time: 0.005, memory: 1583, loss_cls: 0.7976, loss_bbox: 0.6238, loss_centerness: 0.6599, loss: 2.0813, grad_norm: 2.3387
2023-03-02 17:52:57,412 - mmdet - INFO - Epoch [1][4850/58633]	lr: 1.000e-02, eta: 2 days, 1:12:31, time: 0.255, data_time: 0.005, memory: 1583, loss_cls: 0.7867, loss_bbox: 0.5896, loss_centerness: 0.6599, loss: 2.0362, grad_norm: 2.1501
2023-03-02 17:53:10,205 - mmdet - INFO - Epoch [1][4900/58633]	lr: 1.000e-02, eta: 2 days, 1:12:35, time: 0.256, data_time: 0.005, memory: 1583, loss_cls: 0.7524, loss_bbox: 0.6007, loss_centerness: 0.6596, loss: 2.0127, grad_norm: 2.2203
2023-03-02 17:53:22,687 - mmdet - INFO - Epoch [1][4950/58633]	lr: 1.000e-02, eta: 2 days, 1:11:55, time: 0.250, data_time: 0.005, memory: 1583, loss_cls: 0.7901, loss_bbox: 0.5927, loss_centerness: 0.6578, loss: 2.0406, grad_norm: 2.1193
2023-03-02 17:53:35,265 - mmdet - INFO - Exp name: fcos_center_r50_caffe_fpn_gn-head_1x_coco.py
2023-03-02 17:53:35,265 - mmdet - INFO - Epoch [1][5000/58633]	lr: 1.000e-02, eta: 2 days, 1:11:28, time: 0.252, data_time: 0.005, memory: 1583, loss_cls: 0.7787, loss_bbox: 0.5855, loss_centerness: 0.6554, loss: 2.0195, grad_norm: 2.1098
2023-03-02 17:53:47,987 - mmdet - INFO - Epoch [1][5050/58633]	lr: 1.000e-02, eta: 2 days, 1:11:22, time: 0.254, data_time: 0.005, memory: 1583, loss_cls: 0.7792, loss_bbox: 0.6053, loss_centerness: 0.6514, loss: 2.0359, grad_norm: 2.3172
2023-03-02 17:54:00,457 - mmdet - INFO - Epoch [1][5100/58633]	lr: 1.000e-02, eta: 2 days, 1:10:41, time: 0.249, data_time: 0.005, memory: 1583, loss_cls: 0.7640, loss_bbox: 0.6110, loss_centerness: 0.6619, loss: 2.0369, grad_norm: 2.2068
2023-03-02 17:54:13,095 - mmdet - INFO - Epoch [1][5150/58633]	lr: 1.000e-02, eta: 2 days, 1:10:24, time: 0.253, data_time: 0.005, memory: 1583, loss_cls: 0.7658, loss_bbox: 0.6120, loss_centerness: 0.6581, loss: 2.0360, grad_norm: 2.1634
2023-03-02 17:54:26,171 - mmdet - INFO - Epoch [1][5200/58633]	lr: 1.000e-02, eta: 2 days, 1:11:05, time: 0.262, data_time: 0.005, memory: 1583, loss_cls: 0.7873, loss_bbox: 0.7339, loss_centerness: 0.6601, loss: 2.1812, grad_norm: 2.6818
2023-03-02 17:54:38,855 - mmdet - INFO - Epoch [1][5250/58633]	lr: 1.000e-02, eta: 2 days, 1:10:54, time: 0.254, data_time: 0.005, memory: 1583, loss_cls: 0.8159, loss_bbox: 0.5995, loss_centerness: 0.6582, loss: 2.0736, grad_norm: 2.3533
2023-03-02 17:54:51,664 - mmdet - INFO - Epoch [1][5300/58633]	lr: 1.000e-02, eta: 2 days, 1:10:58, time: 0.256, data_time: 0.005, memory: 1583, loss_cls: 0.7484, loss_bbox: 0.6164, loss_centerness: 0.6555, loss: 2.0203, grad_norm: 2.2463
2023-03-02 17:55:04,452 - mmdet - INFO - Epoch [1][5350/58633]	lr: 1.000e-02, eta: 2 days, 1:11:00, time: 0.256, data_time: 0.005, memory: 1583, loss_cls: 0.8004, loss_bbox: 0.6225, loss_centerness: 0.6586, loss: 2.0814, grad_norm: 2.3718
2023-03-02 17:55:17,066 - mmdet - INFO - Epoch [1][5400/58633]	lr: 1.000e-02, eta: 2 days, 1:10:39, time: 0.252, data_time: 0.005, memory: 1583, loss_cls: 0.7550, loss_bbox: 0.6252, loss_centerness: 0.6632, loss: 2.0434, grad_norm: 2.1696
2023-03-02 17:55:29,695 - mmdet - INFO - Epoch [1][5450/58633]	lr: 1.000e-02, eta: 2 days, 1:10:20, time: 0.253, data_time: 0.005, memory: 1583, loss_cls: 0.7520, loss_bbox: 0.5899, loss_centerness: 0.6578, loss: 1.9997, grad_norm: 2.2063
2023-03-02 17:55:42,501 - mmdet - INFO - Epoch [1][5500/58633]	lr: 1.000e-02, eta: 2 days, 1:10:23, time: 0.256, data_time: 0.005, memory: 1583, loss_cls: 0.7336, loss_bbox: 0.5993, loss_centerness: 0.6617, loss: 1.9946, grad_norm: 2.0241
2023-03-02 17:55:55,234 - mmdet - INFO - Epoch [1][5550/58633]	lr: 1.000e-02, eta: 2 days, 1:10:17, time: 0.255, data_time: 0.005, memory: 1583, loss_cls: 0.7587, loss_bbox: 0.6039, loss_centerness: 0.6605, loss: 2.0231, grad_norm: 2.1539
2023-03-02 17:56:08,167 - mmdet - INFO - Epoch [1][5600/58633]	lr: 1.000e-02, eta: 2 days, 1:10:36, time: 0.259, data_time: 0.005, memory: 1583, loss_cls: 0.7579, loss_bbox: 0.5716, loss_centerness: 0.6546, loss: 1.9842, grad_norm: 2.1705
2023-03-02 17:56:20,886 - mmdet - INFO - Epoch [1][5650/58633]	lr: 1.000e-02, eta: 2 days, 1:10:28, time: 0.254, data_time: 0.005, memory: 1583, loss_cls: 0.7513, loss_bbox: 0.6296, loss_centerness: 0.6590, loss: 2.0399, grad_norm: 2.4144
2023-03-02 17:56:33,654 - mmdet - INFO - Epoch [1][5700/58633]	lr: 1.000e-02, eta: 2 days, 1:10:26, time: 0.255, data_time: 0.005, memory: 1583, loss_cls: 0.7755, loss_bbox: 0.6587, loss_centerness: 0.6618, loss: 2.0960, grad_norm: 2.2613
2023-03-02 17:56:46,388 - mmdet - INFO - Epoch [1][5750/58633]	lr: 1.000e-02, eta: 2 days, 1:10:20, time: 0.255, data_time: 0.005, memory: 1583, loss_cls: 0.7770, loss_bbox: 0.6232, loss_centerness: 0.6568, loss: 2.0571, grad_norm: 2.4478
2023-03-02 17:56:59,230 - mmdet - INFO - Epoch [1][5800/58633]	lr: 1.000e-02, eta: 2 days, 1:10:26, time: 0.257, data_time: 0.005, memory: 1583, loss_cls: 0.7700, loss_bbox: 0.5960, loss_centerness: 0.6568, loss: 2.0227, grad_norm: 2.2849
2023-03-02 17:57:11,978 - mmdet - INFO - Epoch [1][5850/58633]	lr: 1.000e-02, eta: 2 days, 1:10:21, time: 0.255, data_time: 0.005, memory: 1583, loss_cls: 0.7610, loss_bbox: 0.6127, loss_centerness: 0.6577, loss: 2.0314, grad_norm: 2.3573
2023-03-02 17:57:24,782 - mmdet - INFO - Epoch [1][5900/58633]	lr: 1.000e-02, eta: 2 days, 1:10:22, time: 0.256, data_time: 0.005, memory: 1583, loss_cls: 0.7610, loss_bbox: 0.5997, loss_centerness: 0.6548, loss: 2.0156, grad_norm: 2.3093
2023-03-02 17:57:37,479 - mmdet - INFO - Epoch [1][5950/58633]	lr: 1.000e-02, eta: 2 days, 1:10:11, time: 0.254, data_time: 0.005, memory: 1583, loss_cls: 0.7811, loss_bbox: 0.6503, loss_centerness: 0.6620, loss: 2.0934, grad_norm: 2.3713
2023-03-02 17:57:50,194 - mmdet - INFO - Exp name: fcos_center_r50_caffe_fpn_gn-head_1x_coco.py
2023-03-02 17:57:50,194 - mmdet - INFO - Epoch [1][6000/58633]	lr: 1.000e-02, eta: 2 days, 1:10:01, time: 0.254, data_time: 0.005, memory: 1583, loss_cls: 0.7419, loss_bbox: 0.5990, loss_centerness: 0.6601, loss: 2.0010, grad_norm: 2.0118
2023-03-02 17:58:02,853 - mmdet - INFO - Epoch [1][6050/58633]	lr: 1.000e-02, eta: 2 days, 1:09:45, time: 0.253, data_time: 0.005, memory: 1583, loss_cls: 0.7395, loss_bbox: 0.5697, loss_centerness: 0.6573, loss: 1.9666, grad_norm: 2.1007
2023-03-02 17:58:15,873 - mmdet - INFO - Epoch [1][6100/58633]	lr: 1.000e-02, eta: 2 days, 1:10:11, time: 0.260, data_time: 0.005, memory: 1583, loss_cls: 0.7640, loss_bbox: 0.5905, loss_centerness: 0.6583, loss: 2.0129, grad_norm: 2.1471
2023-03-02 17:58:28,530 - mmdet - INFO - Epoch [1][6150/58633]	lr: 1.000e-02, eta: 2 days, 1:09:55, time: 0.253, data_time: 0.005, memory: 1583, loss_cls: 0.7234, loss_bbox: 0.5922, loss_centerness: 0.6551, loss: 1.9707, grad_norm: 2.2074
2023-03-02 17:58:41,007 - mmdet - INFO - Epoch [1][6200/58633]	lr: 1.000e-02, eta: 2 days, 1:09:18, time: 0.250, data_time: 0.005, memory: 1583, loss_cls: 0.7495, loss_bbox: 0.5975, loss_centerness: 0.6581, loss: 2.0052, grad_norm: 2.3015
2023-03-02 17:58:53,808 - mmdet - INFO - Epoch [1][6250/58633]	lr: 1.000e-02, eta: 2 days, 1:09:18, time: 0.256, data_time: 0.005, memory: 1583, loss_cls: 0.7435, loss_bbox: 0.6148, loss_centerness: 0.6565, loss: 2.0149, grad_norm: 2.2159
2023-03-02 17:59:06,563 - mmdet - INFO - Epoch [1][6300/58633]	lr: 1.000e-02, eta: 2 days, 1:09:13, time: 0.255, data_time: 0.005, memory: 1583, loss_cls: 0.7402, loss_bbox: 0.5881, loss_centerness: 0.6598, loss: 1.9880, grad_norm: 2.1246
2023-03-02 17:59:19,129 - mmdet - INFO - Epoch [1][6350/58633]	lr: 1.000e-02, eta: 2 days, 1:08:47, time: 0.251, data_time: 0.005, memory: 1583, loss_cls: 0.7625, loss_bbox: 0.5953, loss_centerness: 0.6543, loss: 2.0121, grad_norm: 2.2038
2023-03-02 17:59:31,928 - mmdet - INFO - Epoch [1][6400/58633]	lr: 1.000e-02, eta: 2 days, 1:08:46, time: 0.256, data_time: 0.005, memory: 1583, loss_cls: 0.7576, loss_bbox: 0.6330, loss_centerness: 0.6561, loss: 2.0467, grad_norm: 2.5406
2023-03-02 17:59:44,395 - mmdet - INFO - Epoch [1][6450/58633]	lr: 1.000e-02, eta: 2 days, 1:08:09, time: 0.249, data_time: 0.005, memory: 1583, loss_cls: 0.7664, loss_bbox: 0.5991, loss_centerness: 0.6568, loss: 2.0223, grad_norm: 2.2640
2023-03-02 17:59:56,997 - mmdet - INFO - Epoch [1][6500/58633]	lr: 1.000e-02, eta: 2 days, 1:07:48, time: 0.252, data_time: 0.005, memory: 1583, loss_cls: 0.7547, loss_bbox: 0.5931, loss_centerness: 0.6531, loss: 2.0009, grad_norm: 2.2592
2023-03-02 18:00:09,929 - mmdet - INFO - Epoch [1][6550/58633]	lr: 1.000e-02, eta: 2 days, 1:08:01, time: 0.259, data_time: 0.005, memory: 1583, loss_cls: 0.7467, loss_bbox: 0.6214, loss_centerness: 0.6593, loss: 2.0274, grad_norm: 2.2441
2023-03-02 18:00:22,685 - mmdet - INFO - Epoch [1][6600/58633]	lr: 1.000e-02, eta: 2 days, 1:07:56, time: 0.255, data_time: 0.005, memory: 1583, loss_cls: 0.7366, loss_bbox: 0.6325, loss_centerness: 0.6516, loss: 2.0207, grad_norm: 2.3885
2023-03-02 18:00:35,371 - mmdet - INFO - Epoch [1][6650/58633]	lr: 1.000e-02, eta: 2 days, 1:07:43, time: 0.254, data_time: 0.005, memory: 1583, loss_cls: 0.7282, loss_bbox: 0.5958, loss_centerness: 0.6551, loss: 1.9791, grad_norm: 2.2521
2023-03-02 18:00:48,243 - mmdet - INFO - Epoch [1][6700/58633]	lr: 1.000e-02, eta: 2 days, 1:07:49, time: 0.257, data_time: 0.005, memory: 1583, loss_cls: 0.7423, loss_bbox: 0.5932, loss_centerness: 0.6582, loss: 1.9937, grad_norm: 2.1823
2023-03-02 18:01:01,094 - mmdet - INFO - Epoch [1][6750/58633]	lr: 1.000e-02, eta: 2 days, 1:07:53, time: 0.257, data_time: 0.005, memory: 1583, loss_cls: 0.7766, loss_bbox: 0.5932, loss_centerness: 0.6542, loss: 2.0241, grad_norm: 2.3196
2023-03-02 18:01:13,967 - mmdet - INFO - Epoch [1][6800/58633]	lr: 1.000e-02, eta: 2 days, 1:07:59, time: 0.257, data_time: 0.005, memory: 1583, loss_cls: 0.7480, loss_bbox: 0.5687, loss_centerness: 0.6577, loss: 1.9745, grad_norm: 2.1971
2023-03-02 18:01:26,706 - mmdet - INFO - Epoch [1][6850/58633]	lr: 1.000e-02, eta: 2 days, 1:07:50, time: 0.255, data_time: 0.005, memory: 1589, loss_cls: 0.7399, loss_bbox: 0.5667, loss_centerness: 0.6554, loss: 1.9620, grad_norm: 2.1632
2023-03-02 18:01:39,300 - mmdet - INFO - Epoch [1][6900/58633]	lr: 1.000e-02, eta: 2 days, 1:07:28, time: 0.252, data_time: 0.005, memory: 1589, loss_cls: 0.7032, loss_bbox: 0.5722, loss_centerness: 0.6557, loss: 1.9310, grad_norm: 2.0091
2023-03-02 18:01:51,797 - mmdet - INFO - Epoch [1][6950/58633]	lr: 1.000e-02, eta: 2 days, 1:06:56, time: 0.250, data_time: 0.005, memory: 1589, loss_cls: 0.7075, loss_bbox: 0.6184, loss_centerness: 0.6576, loss: 1.9835, grad_norm: 2.2304
2023-03-02 18:02:04,699 - mmdet - INFO - Exp name: fcos_center_r50_caffe_fpn_gn-head_1x_coco.py
2023-03-02 18:02:04,699 - mmdet - INFO - Epoch [1][7000/58633]	lr: 1.000e-02, eta: 2 days, 1:07:04, time: 0.258, data_time: 0.005, memory: 1589, loss_cls: 0.7333, loss_bbox: 0.5604, loss_centerness: 0.6583, loss: 1.9520, grad_norm: 2.3228
2023-03-02 18:02:17,343 - mmdet - INFO - Epoch [1][7050/58633]	lr: 1.000e-02, eta: 2 days, 1:06:47, time: 0.253, data_time: 0.005, memory: 1589, loss_cls: 0.7476, loss_bbox: 0.5816, loss_centerness: 0.6572, loss: 1.9865, grad_norm: 2.2654
2023-03-02 18:02:30,114 - mmdet - INFO - Epoch [1][7100/58633]	lr: 1.000e-02, eta: 2 days, 1:06:42, time: 0.255, data_time: 0.005, memory: 1589, loss_cls: 0.7455, loss_bbox: 0.5652, loss_centerness: 0.6560, loss: 1.9667, grad_norm: 2.1129
2023-03-02 18:02:42,936 - mmdet - INFO - Epoch [1][7150/58633]	lr: 1.000e-02, eta: 2 days, 1:06:42, time: 0.256, data_time: 0.005, memory: 1589, loss_cls: 0.6822, loss_bbox: 0.6160, loss_centerness: 0.6607, loss: 1.9589, grad_norm: 2.1972
2023-03-02 18:02:55,670 - mmdet - INFO - Epoch [1][7200/58633]	lr: 1.000e-02, eta: 2 days, 1:06:33, time: 0.255, data_time: 0.005, memory: 1589, loss_cls: 0.7629, loss_bbox: 0.5993, loss_centerness: 0.6573, loss: 2.0195, grad_norm: 2.2593
2023-03-02 18:03:08,245 - mmdet - INFO - Epoch [1][7250/58633]	lr: 1.000e-02, eta: 2 days, 1:06:09, time: 0.251, data_time: 0.005, memory: 1589, loss_cls: 0.7520, loss_bbox: 0.6130, loss_centerness: 0.6592, loss: 2.0243, grad_norm: 2.2575
2023-03-02 18:03:20,927 - mmdet - INFO - Epoch [1][7300/58633]	lr: 1.000e-02, eta: 2 days, 1:05:55, time: 0.254, data_time: 0.005, memory: 1589, loss_cls: 0.7388, loss_bbox: 0.5971, loss_centerness: 0.6548, loss: 1.9907, grad_norm: 2.2403
2023-03-02 18:03:33,878 - mmdet - INFO - Epoch [1][7350/58633]	lr: 1.000e-02, eta: 2 days, 1:06:07, time: 0.259, data_time: 0.005, memory: 1589, loss_cls: 0.7708, loss_bbox: 0.6259, loss_centerness: 0.6552, loss: 2.0519, grad_norm: 2.4025
2023-03-02 18:03:46,607 - mmdet - INFO - Epoch [1][7400/58633]	lr: 1.000e-02, eta: 2 days, 1:05:58, time: 0.255, data_time: 0.005, memory: 1589, loss_cls: 0.7427, loss_bbox: 0.5979, loss_centerness: 0.6562, loss: 1.9968, grad_norm: 2.2614
2023-03-02 18:03:59,352 - mmdet - INFO - Epoch [1][7450/58633]	lr: 1.000e-02, eta: 2 days, 1:05:50, time: 0.255, data_time: 0.005, memory: 1589, loss_cls: 0.7609, loss_bbox: 0.5791, loss_centerness: 0.6545, loss: 1.9945, grad_norm: 2.1461
2023-03-02 18:04:12,134 - mmdet - INFO - Epoch [1][7500/58633]	lr: 1.000e-02, eta: 2 days, 1:05:45, time: 0.256, data_time: 0.005, memory: 1589, loss_cls: 0.7564, loss_bbox: 0.5758, loss_centerness: 0.6536, loss: 1.9857, grad_norm: 2.3263
2023-03-02 18:04:25,077 - mmdet - INFO - Epoch [1][7550/58633]	lr: 1.000e-02, eta: 2 days, 1:05:55, time: 0.259, data_time: 0.005, memory: 1589, loss_cls: 0.7691, loss_bbox: 0.5694, loss_centerness: 0.6513, loss: 1.9898, grad_norm: 2.0880
2023-03-02 18:04:37,690 - mmdet - INFO - Epoch [1][7600/58633]	lr: 1.000e-02, eta: 2 days, 1:05:35, time: 0.252, data_time: 0.005, memory: 1589, loss_cls: 0.7375, loss_bbox: 0.5686, loss_centerness: 0.6528, loss: 1.9589, grad_norm: 2.0843
2023-03-02 18:04:50,477 - mmdet - INFO - Epoch [1][7650/58633]	lr: 1.000e-02, eta: 2 days, 1:05:30, time: 0.256, data_time: 0.005, memory: 1589, loss_cls: 0.7593, loss_bbox: 0.5626, loss_centerness: 0.6537, loss: 1.9756, grad_norm: 2.2588
2023-03-02 18:05:03,150 - mmdet - INFO - Epoch [1][7700/58633]	lr: 1.000e-02, eta: 2 days, 1:05:15, time: 0.253, data_time: 0.005, memory: 1589, loss_cls: 0.7653, loss_bbox: 0.5632, loss_centerness: 0.6503, loss: 1.9788, grad_norm: 2.1903
2023-03-02 18:05:15,775 - mmdet - INFO - Epoch [1][7750/58633]	lr: 1.000e-02, eta: 2 days, 1:04:56, time: 0.252, data_time: 0.005, memory: 1589, loss_cls: 0.7434, loss_bbox: 0.5429, loss_centerness: 0.6519, loss: 1.9382, grad_norm: 1.8801
2023-03-02 18:05:28,352 - mmdet - INFO - Epoch [1][7800/58633]	lr: 1.000e-02, eta: 2 days, 1:04:33, time: 0.252, data_time: 0.005, memory: 1589, loss_cls: 0.7524, loss_bbox: 0.5928, loss_centerness: 0.6539, loss: 1.9992, grad_norm: 2.3267
2023-03-02 18:05:40,962 - mmdet - INFO - Epoch [1][7850/58633]	lr: 1.000e-02, eta: 2 days, 1:04:12, time: 0.252, data_time: 0.005, memory: 1589, loss_cls: 0.7047, loss_bbox: 0.5768, loss_centerness: 0.6536, loss: 1.9352, grad_norm: 2.2428
2023-03-02 18:05:53,963 - mmdet - INFO - Epoch [1][7900/58633]	lr: 1.000e-02, eta: 2 days, 1:04:27, time: 0.260, data_time: 0.006, memory: 1589, loss_cls: 0.7669, loss_bbox: 0.5932, loss_centerness: 0.6548, loss: 2.0149, grad_norm: 2.2087
2023-03-02 18:06:06,669 - mmdet - INFO - Epoch [1][7950/58633]	lr: 1.000e-02, eta: 2 days, 1:04:15, time: 0.254, data_time: 0.005, memory: 1589, loss_cls: 0.7477, loss_bbox: 0.5493, loss_centerness: 0.6524, loss: 1.9493, grad_norm: 2.1345
2023-03-02 18:06:19,403 - mmdet - INFO - Exp name: fcos_center_r50_caffe_fpn_gn-head_1x_coco.py
2023-03-02 18:06:19,403 - mmdet - INFO - Epoch [1][8000/58633]	lr: 1.000e-02, eta: 2 days, 1:04:05, time: 0.255, data_time: 0.005, memory: 1589, loss_cls: 0.7111, loss_bbox: 0.6105, loss_centerness: 0.6562, loss: 1.9777, grad_norm: 2.2469
2023-03-02 18:06:32,087 - mmdet - INFO - Epoch [1][8050/58633]	lr: 1.000e-02, eta: 2 days, 1:03:51, time: 0.254, data_time: 0.005, memory: 1589, loss_cls: 0.7241, loss_bbox: 0.5713, loss_centerness: 0.6573, loss: 1.9527, grad_norm: 2.3658
2023-03-02 18:06:44,502 - mmdet - INFO - Epoch [1][8100/58633]	lr: 1.000e-02, eta: 2 days, 1:03:14, time: 0.248, data_time: 0.005, memory: 1589, loss_cls: 0.7235, loss_bbox: 0.5735, loss_centerness: 0.6527, loss: 1.9498, grad_norm: 2.2479
2023-03-02 18:06:57,420 - mmdet - INFO - Epoch [1][8150/58633]	lr: 1.000e-02, eta: 2 days, 1:03:21, time: 0.258, data_time: 0.005, memory: 1589, loss_cls: 0.7349, loss_bbox: 0.5581, loss_centerness: 0.6584, loss: 1.9515, grad_norm: 2.0451
2023-03-02 18:07:10,054 - mmdet - INFO - Epoch [1][8200/58633]	lr: 1.000e-02, eta: 2 days, 1:03:02, time: 0.253, data_time: 0.005, memory: 1589, loss_cls: 0.7277, loss_bbox: 0.5768, loss_centerness: 0.6573, loss: 1.9617, grad_norm: 2.2440
2023-03-02 18:07:22,842 - mmdet - INFO - Epoch [1][8250/58633]	lr: 1.000e-02, eta: 2 days, 1:02:58, time: 0.256, data_time: 0.005, memory: 1589, loss_cls: 0.7318, loss_bbox: 0.5985, loss_centerness: 0.6599, loss: 1.9901, grad_norm: 2.2681
2023-03-02 18:07:35,519 - mmdet - INFO - Epoch [1][8300/58633]	lr: 1.000e-02, eta: 2 days, 1:02:43, time: 0.254, data_time: 0.005, memory: 1589, loss_cls: 0.7405, loss_bbox: 0.5854, loss_centerness: 0.6600, loss: 1.9860, grad_norm: 2.0175
2023-03-02 18:07:48,301 - mmdet - INFO - Epoch [1][8350/58633]	lr: 1.000e-02, eta: 2 days, 1:02:38, time: 0.256, data_time: 0.005, memory: 1589, loss_cls: 0.7501, loss_bbox: 0.5712, loss_centerness: 0.6548, loss: 1.9761, grad_norm: 2.2440
2023-03-02 18:08:01,718 - mmdet - INFO - Epoch [1][8400/58633]	lr: 1.000e-02, eta: 2 days, 1:03:24, time: 0.268, data_time: 0.006, memory: 1589, loss_cls: 0.7323, loss_bbox: 0.5530, loss_centerness: 0.6485, loss: 1.9338, grad_norm: 2.2094
